{
  "RSpec": {
    "coverage": {
      "/Users/sauravsingh/Documents/api/app/helpers/application_helper.rb": [
        1,
        null
      ],
      "/Users/sauravsingh/Documents/api/app/controllers/api/v1/process_csvs_controller.rb": [
        1,
        null,
        1,
        2,
        2,
        2,
        1,
        null,
        1,
        null,
        null,
        null
      ],
      "/Users/sauravsingh/Documents/api/app/controllers/api/v1/api_controller.rb": [
        1,
        1,
        1,
        1,
        null,
        null,
        null,
        1,
        2,
        2,
        2,
        0,
        null,
        null,
        2,
        2,
        null,
        0,
        0,
        0,
        null,
        null,
        null,
        1,
        null,
        1,
        2,
        2,
        0,
        null,
        null,
        null,
        null,
        null,
        1,
        1,
        1,
        1,
        1,
        1,
        1,
        null,
        null,
        null,
        1,
        2,
        null,
        0,
        0,
        0,
        null,
        null
      ],
      "/Users/sauravsingh/Documents/api/app/controllers/application_controller.rb": [
        1,
        null,
        null,
        null
      ],
      "/Users/sauravsingh/Documents/api/app/services/api/v1/process_csv.rb": [
        1,
        null,
        1,
        2,
        null,
        null,
        1,
        2,
        1,
        1,
        5,
        5,
        null,
        4,
        null,
        null,
        1,
        null,
        1,
        2,
        2,
        2,
        2,
        null,
        null
      ]
    },
    "timestamp": 1491037724
  }
}
